[def-tts-GL5] New experiment started from scratch at 2023-06-21 00:13:36.434893.
[r1] [50] OK 
[r1] [75] OK 
[def-tts-GL5] New experiment started from scratch at 2023-06-21 11:55:05.949773.
[r1] [50] OK 
[def-tts-GL5] New experiment started from scratch at 2023-06-21 12:16:39.861369.
[def-tts-GL5] New experiment started from scratch at 2023-06-21 12:19:18.511137.
[r1] [50] OK 
[def-tts-GL5] New experiment started from scratch at 2023-06-21 12:20:38.004401.
[r1] [50] OK 
[def-tts-GL5] New experiment started from scratch at 2023-06-21 12:22:10.054103.
[r1] [50] OK 
[r1] [75] OK 
[r2] [50] OK 
[r2] [75] OK 
[def-tts-GL5] New experiment started from scratch at 2023-06-21 20:21:25.090999.
[r1-20230621-202430] [50] OK 
[r1-20230621-202844] [75] OK 
[def-tts-GL5] New experiment started from scratch at 2023-06-21 20:30:11.348121.
[r1-20230621-203318] [50] OK 
[r1-20230621-203739] [75] OK 
[r1-20230621-204158] [100] OK 
[r2-20230621-204618] [50] OK 
[r2-20230621-205031] [75] OK 
[r2-20230621-205446] [100] OK 
[r3-20230621-205911] [50] OK 
[r3-20230621-210329] [75] OK 
[r3-20230621-210748] [100] OK 
[def-tts-GL5] New experiment started from scratch at 2023-06-22 00:43:10.108703.
[r1-20230622-004615] [50] OK 
[r1-20230622-011901] [75] OK 
[r1-20230622-015423] [100] OK 
[def-tts-GL5] New experiment started from scratch at 2023-06-23 15:39:06.590307.
[r1-20230623-154211] [50] OK 
[r1-20230623-160154] [75] OK 
[r1-20230623-162208] [100] OK 
[r2-20230623-180732] [100] OK 
[r3-20230623-182753] [50] OK 
[r3-20230623-184818] [75] OK 
[r3-20230623-190843] [100] OK 
[def-tts-GL5] Experiment completed at 2023-06-23 19:26:10.501552.
[def-tts-GL5] New experiment started from scratch at 2023-06-27 09:05:56.190613.
[def-tts-GL5] New experiment started from scratch at 2023-06-27 09:06:16.499627.
[def-tts-GL5] New experiment started from scratch at 2023-06-29 20:29:08.744207.
[r1-20230629-203514] [50] FAILED at 2023-06-29 20:35:14.401368
[def-tts-GL5] New experiment started from scratch at 2023-06-30 13:53:09.612503.
[r1-20230630-135915] [50] FAILED at 2023-06-30 13:59:15.871716
[def-tts-GL5] New experiment started from scratch at 2023-06-30 14:00:03.408400.
[r1-20230630-140609] [50] FAILED at 2023-06-30 14:06:09.395391
[def-tts-GL5] New experiment started from scratch at 2023-06-30 16:44:55.697416.
[r1-20230630-164814] [50] OK 
[def-tts-GL5] New experiment started from scratch at 2023-06-30 16:53:47.892297.
[r1-20230630-165705] [50] OK 
[def-tts-GL5] New experiment started from scratch at 2023-07-01 19:20:29.500362
[r1-20230701-192349] [50] OK
[r1-20230701-195939] [75] OK
[r1-20230701-203729] [100] OK
[r2-20230701-211929] [50] OK
[r2] [75] RITTAL FAILED at 2023-07-01 22:00:22.272580
[r3-20230701-221523] [50] OK
[r3-20230701-225233] [75] OK
[r3-20230701-233238] [100] OK
[r4-20230702-001413] [50] OK
[r4-20230702-005208] [75] OK
[r4-20230702-012921] [100] OK
[r5-20230702-021129] [50] OK
[r5-20230702-024928] [75] OK
[r5-20230702-032921] [100] OK
[r6-20230702-041058] [50] OK
[r6-20230702-044651] [75] OK
[r6-20230702-052527] [100] OK
[r7-20230702-060611] [50] OK
[r7-20230702-064233] [75] OK
[r7-20230702-072103] [100] OK
[r8-20230702-080125] [50] OK
[r8-20230702-083707] [75] OK
[r8-20230702-091506] [100] OK
[r9-20230702-095719] [50] OK
[r9-20230702-103220] [75] OK
[r9-20230702-111105] [100] OK
[r10-20230702-115242] [50] OK
[r10-20230702-122836] [75] OK
[r10-20230702-130953] [100] OK
[def-tts-GL5] Experiment completed at 2023-07-02 13:48:57.849771
[def-stress-ng-GL5] New experiment started from scratch at 2023-07-08 01:10:37.033329
[def-stress-ng-GL5] New experiment started from scratch at 2023-07-08 01:11:10.766578
[r1-20230708-011127] [50] OK
[r1-20230708-013145] [75] OK
[r1-20230708-015204] [100] OK
[r2-20230708-021223] [50] OK
[r2-20230708-023242] [75] OK
[r2-20230708-025301] [100] OK
[r3-20230708-031319] [50] OK
[r3-20230708-033338] [75] OK
[r3-20230708-035358] [100] OK
[r4-20230708-041417] [50] OK
[r4-20230708-043436] [75] OK
[r4-20230708-045455] [100] OK
[r5-20230708-051514] [50] OK
[r5-20230708-053533] [75] OK
[r5-20230708-055551] [100] OK
[r6-20230708-061610] [50] OK
[r6-20230708-063629] [75] OK
[r6-20230708-065648] [100] OK
[r7-20230708-071707] [50] OK
[r7-20230708-073726] [75] OK
[r7-20230708-075746] [100] OK
[r8-20230708-081805] [50] OK
[r8-20230708-083824] [75] OK
[r8-20230708-085843] [100] OK
[r9-20230708-091902] [50] OK
[r9-20230708-093921] [75] OK
[r9-20230708-095940] [100] OK
[r10-20230708-101959] [50] OK
[r10-20230708-104018] [75] OK
[r10-20230708-110037] [100] OK
[def-stress-ng-GL5] Experiment completed at 2023-07-08 11:21:47.557843
