[def-tts-GL2] New experiment started from scratch at 2023-06-21 00:14:42.560441.
[r1] [50] OK 
[r1] [75] OK 
[r1] [100] OK 
[def-tts-GL2] New experiment started from scratch at 2023-06-21 13:01:02.822662.
[r1] [50] OK 
[r1] [75] OK 
[r1] [100] OK 
[r2] [50] OK 
[r2] [75] OK 
[def-tts-GL2] New experiment started from scratch at 2023-06-21 15:51:42.393001.
[r1-20230621-155646] [50] OK 
[r1-20230621-162542] [75] OK 
[r1-20230621-165432] [100] OK 
[r2-20230621-172321] [50] OK 
[r2-20230621-175152] [75] OK 
[r2-20230621-182000] [100] OK 
[def-tts-GL2] New experiment started from scratch at 2023-06-22 17:34:55.538166.
[r1-20230622-173959] [50] OK 
[r1-20230622-180440] [75] OK 
[r1-20230622-183014] [100] OK 
[r2-20230622-185726] [50] OK 
[r2-20230622-192507] [75] OK 
[r2-20230622-195136] [100] OK 
[def-tts-GL2] New experiment started from scratch at 2023-06-23 12:44:17.240201.
[r1-20230623-124921] [100] OK 
[r2-20230623-131755] [100] OK 
[r3-20230623-134635] [100] OK 
[r4-20230623-141626] [100] OK 
[r5-20230623-144756] [100] OK 
[def-tts-GL2] Experiment completed at 2023-06-23 15:14:12.012679.
[def-tts-GL2] New experiment started from scratch at 2023-06-24 14:55:48.195458.
[r1-20230624-150052] [1] OK 
[r2-20230624-151552] [1] OK 
[r3-20230624-154348] [1] OK 
[r4-20230624-162953] [1] OK 
[r5-20230624-165750] [1] OK 
[def-tts-GL2] New experiment started from scratch at 2023-06-25 09:24:54.882694.
[r5-20230625-092959] [1] OK 
[def-tts-GL2] Experiment completed at 2023-06-25 09:56:40.422196.
[tts-stressing] New experiment started from scratch at 2023-06-26 14:14:43.219023.
[tts-stressing] New experiment started from scratch at 2023-06-26 14:14:53.181181.
[tts-stressing] New experiment started from scratch at 2023-06-26 14:16:07.214432.
[tts-stressing] New experiment started from scratch at 2023-06-26 14:16:29.960727.
[tts-stressing] New experiment started from scratch at 2023-06-26 14:17:22.056084.
[tts-stressing] New experiment started from scratch at 2023-06-26 14:18:38.785693.
[tts-stressing] New experiment started from scratch at 2023-06-26 14:19:43.818970.
[tts-stressing] New experiment started from scratch at 2023-06-26 14:20:43.224341.
[tts-stressing] New experiment started from scratch at 2023-06-26 14:23:58.289702.
[tts-stressing] New experiment started from scratch at 2023-06-26 14:31:15.574602.
[tts-stressing] Experiment completed at 2023-06-26 14:37:08.110320.
[tts-stressing] New experiment started from scratch at 2023-06-26 14:44:06.023233.
[tts-stressing] Experiment completed at 2023-06-26 14:59:23.416856.
[tts-stressing] New experiment started from scratch at 2023-06-26 15:42:15.894913.
[tts-stressing] Experiment completed at 2023-06-26 15:43:47.581457.
[tts-stressing] New experiment started from scratch at 2023-06-26 15:44:49.892511.
[tts-stressing] Experiment completed at 2023-06-26 15:46:22.543068.
[tts-stressing] New experiment started from scratch at 2023-06-26 15:47:16.945869.
[tts-stressing] New experiment started from scratch at 2023-06-26 15:49:53.139605.
[tts-stressing] New experiment started from scratch at 2023-06-26 15:50:56.510924.
[tts-stressing] New experiment started from scratch at 2023-06-26 15:51:50.518485.
[tts-stressing] Experiment completed at 2023-06-26 15:54:54.615630.
[tts-stressing] New experiment started from scratch at 2023-06-26 15:58:46.902316.
[tts-stressing] Experiment completed at 2023-06-26 16:02:01.544110.
[def-tts-GL2] New experiment started from scratch at 2023-06-26 17:01:20.555222.
[r1-20230626-170632] [50] OK 
[def-tts-GL2] New experiment started from scratch at 2023-06-26 17:17:32.798159.
[r1-20230626-172244] [50] OK 
[def-tts-GL2] New experiment started from scratch at 2023-06-26 17:24:09.904859.
[r1-20230626-173415] [50] OK 
[tts-stressing] New experiment started from scratch at 2023-06-26 17:54:58.770163.
[def-tts-GL2] New experiment started from scratch at 2023-06-26 17:59:00.063074.
[r1-20230626-180907] [50] OK 
[r2-20230626-182444] [50] OK 
[def-tts-GL2] Experiment completed at 2023-06-26 18:35:07.128916.
[def-tts-GL2] New experiment started from scratch at 2023-06-27 17:04:59.907969.
[r1-20230627-171008] [50] OK 
[r1-20230627-172956] [75] OK 
[def-tts-GL2] New experiment started from scratch at 2023-06-27 18:35:10.398441.
[r1-20230627-184018] [50] OK 
[def-tts-GL2] New experiment started from scratch at 2023-06-27 18:44:18.015253.
[r1-20230627-184922] [50] OK 
[r1-20230627-192234] [75] OK 
[r1-20230627-195538] [100] OK 
[r2-20230627-202847] [50] OK 
[r2-20230627-210158] [75] OK 
[r2-20230627-213540] [100] OK 
[r3-20230627-221210] [50] OK 
[r3-20230627-224542] [75] OK 
[r3-20230627-231353] [100] OK 
[def-tts-GL2] Experiment completed at 2023-06-27 23:25:42.560008.
[def-tts-GL2] New experiment started from scratch at 2023-06-28 23:32:52.230181.
[r1-20230628-234310] [50] OK 
[r1-20230628-234320] [50] RITTAL FAILED at 2023-06-28 23:43:20.776201
[r1-20230629-001803] [100] OK 
[r1-20230629-001813] [100] RITTAL FAILED at 2023-06-29 00:18:13.273931
[r2-20230629-003614] [50] OK 
[r2-20230629-010941] [75] OK 
[r2-20230629-014250] [100] OK 
[r3-20230629-021615] [50] OK 
[r3-20230629-021625] [50] RITTAL FAILED at 2023-06-29 02:16:25.162197
[r3-20230629-023157] [75] OK 
[r3-20230629-023207] [75] RITTAL FAILED at 2023-06-29 02:32:07.262278
[r3-20230629-025033] [100] OK 
[r3-20230629-025043] [100] RITTAL FAILED at 2023-06-29 02:50:43.887160
[r5-20230629-033236] [50] OK 
[r5-20230629-033246] [50] RITTAL FAILED at 2023-06-29 03:32:46.614931
[r5-20230629-034807] [75] OK 
[r5-20230629-034817] [75] RITTAL FAILED at 2023-06-29 03:48:17.513851
[r5-20230629-040417] [100] OK 
[r6-20230629-043520] [50] OK 
[r6-20230629-045233] [75] OK 
[r6-20230629-052701] [100] OK 
[r7-20230629-060249] [50] OK 
[r7-20230629-063617] [75] OK 
[r7-20230629-071013] [100] OK 
[r8-20230629-074008] [50] OK 
[r8-20230629-080150] [75] OK 
[r8-20230629-083041] [100] OK 
[r9-20230629-084751] [50] OK 
[r9-20230629-091643] [75] OK 
[r9-20230629-093341] [100] OK 
[r10-20230629-095548] [50] OK 
[r10-20230629-102851] [75] OK 
[r10-20230629-105723] [100] OK 
[def-tts-GL2] Experiment completed at 2023-06-29 11:09:27.857773.
[def-tts-GL2] New experiment started from scratch at 2023-06-29 11:33:42.652814.
[r1-20230629-114352] [50] OK 
[r1-20230629-121704] [100] OK 
[r2-20230629-125349] [50] OK 
[r2-20230629-132218] [100] OK 
[def-tts-GL2] Experiment completed at 2023-06-29 13:49:14.728726.
[def-tts-GL2] New experiment started from scratch at 2023-06-29 15:41:44.268575.
[def-tts-GL2] New experiment started from scratch at 2023-06-29 15:42:01.540338.
[def-tts-GL2] New experiment started from scratch at 2023-06-29 15:42:44.521023.
[def-tts-GL2] New experiment started from scratch at 2023-06-29 15:43:00.791361.
[r1-20230629-154804] [50] OK 
[r1-20230629-154814] [50] RITTAL FAILED at 2023-06-29 15:48:14.391477
[r1-20230629-160147] [100] OK 
[r2-20230629-161826] [50] OK 
[r2-20230629-165428] [100] OK 
[def-tts-GL2] Experiment completed at 2023-06-29 17:05:44.230259.
[tts-stressing] New experiment started from scratch at 20230629-173403
[def-tts-GL2] New experiment started from scratch at 2023-06-29 17:50:42.987743
[def-tts-GL2] New experiment started from scratch at 2023-06-29 17:59:45.726729
[r1-20230629-180518] [50] OK
[r1] [50] FAILED during K6-test at 2023-06-29 18:05:51.973989
[r1-20230629-182107] [100] OK
[r2-20230629-184635] [50] OK
[r2] [50] FAILED during K6-test at 2023-06-29 18:47:10.308457
[r2-20230629-190225] [100] OK
[r2] [100] FAILED during K6-test at 2023-06-29 19:03:30.006259
[def-tts-GL2] Experiment completed at 2023-06-29 19:08:31.698529
[def-stress-ng-GL2] New experiment started from scratch at 2023-06-29 19:33:22.047721
[def-stress-ng-GL2] New experiment started from scratch at 2023-06-29 19:34:19.315019
[def-stress-ng-GL2] New experiment started from scratch at 2023-06-29 19:35:20.572173
[def-stress-ng-GL2] New experiment started from scratch at 2023-06-29 19:39:23.486354
[def-stress-ng-GL2] New experiment started from scratch at 2023-06-29 19:45:46.801684
[def-stress-ng-GL2] New experiment started from scratch at 2023-06-29 19:47:49.276960
[def-tts-GL2] New experiment started from scratch at 2023-06-29 19:49:14.793632
[r1] [50] RITTAL FAILED at 2023-06-29 19:54:29.156292
[r1] [100] RITTAL FAILED at 2023-06-29 20:07:34.307826
[def-tts-GL2] New experiment started from scratch at 2023-06-29 20:16:31.805884
[r1] [50] Not enough containers. FAILED at 2023-06-29 20:26:46.506285
[def-stress-ng-GL2] New experiment started from scratch at 2023-06-29 20:56:05.464699
[def-stress-ng-GL2] New experiment started from scratch at 2023-06-29 20:57:43.387088
[def-stress-ng-GL2] New experiment started from scratch at 2023-06-29 20:59:37.127067
[def-stress-ng-GL2] New experiment started from scratch at 2023-06-29 21:03:07.028417
[def-stress-ng-GL2] Experiment completed at 2023-06-29 21:05:20.791695
[def-stress-ng-GL2] New experiment started from scratch at 2023-06-29 21:30:44.454181
[def-stress-ng-GL2] New experiment started from scratch at 2023-06-29 21:32:23.723052
[def-stress-ng-GL2] Experiment completed at 2023-06-29 21:35:08.027074
[def-tts-GL2] New experiment started from scratch at 2023-06-30 18:17:01.792311
[r1] [50] Not enough containers. FAILED at 2023-06-30 18:27:07.643335
[def-tts-GL2] New experiment started from scratch at 2023-06-30 18:40:43.494878
[r1-20230630-184608] [50] OK
[r1] [50] FAILED during K6-test at 2023-06-30 18:46:43.927494
[def-tts-GL2] New experiment started from scratch at 2023-06-30 18:49:10.659686
[r1] [50] Not enough containers. FAILED at 2023-06-30 18:59:18.786018
[r1-20230630-192044] [100] OK
[def-tts-GL2] New experiment started from scratch at 2023-07-02 16:10:43.068119
[r1] [50] Not enough containers. FAILED at 2023-07-02 16:21:12.729172
[r1] [100] Not enough containers. FAILED at 2023-07-02 16:46:19.943720
[r2] [50] Not enough containers. FAILED at 2023-07-02 17:11:27.427279
[def-tts-GL2] New experiment started from scratch at 2023-07-02 17:46:47.942883
[def-tts-GL2] New experiment started from scratch at 2023-07-02 17:55:14.003025
[def-tts-GL2] New experiment started from scratch at 2023-07-02 18:19:06.823713
[def-tts-GL2] New experiment started from scratch at 2023-07-02 18:20:29.243460
[def-tts-GL2] New experiment started from scratch at 2023-07-02 18:22:31.293917
[def-tts-GL2] New experiment started from scratch at 2023-07-02 20:18:46.133034
[r1] [50] Not enough containers. FAILED at 2023-07-02 20:28:52.237058
[def-tts-GL2] New experiment started from scratch at 2023-07-02 20:30:58.059760
[r1-20230702-204238] [50] OK
[r1-20230702-210925] [100] OK
[r2-20230702-213805] [50] OK
[r2] [100] Not enough containers. FAILED at 2023-07-02 22:11:19.723285
[r3-20230702-223155] [50] OK
[r3-20230702-225901] [100] OK
[r4-20230702-232803] [50] OK
[r4-20230702-235458] [100] OK
[r5-20230703-002537] [50] OK
[r5] [100] Not enough containers. FAILED at 2023-07-03 00:58:50.075146
[r6-20230703-011931] [50] OK
[r6] [100] Not enough containers. FAILED at 2023-07-03 01:51:31.145008
[r7-20230703-021145] [50] OK
[r7-20230703-023907] [100] OK
[r8-20230703-030830] [50] OK
[r8-20230703-033548] [100] OK
[r9-20230703-040621] [50] OK
[r9-20230703-043342] [100] OK
[r10-20230703-050540] [50] OK
[r10-20230703-053318] [100] OK
[def-tts-GL2] Experiment completed at 2023-07-03 05:59:09.553216
[def-tts-GL2] New experiment started from scratch at 2023-07-03 09:52:04.164051
[r1-20230703-095723] [50] OK
[r1] [75100] Not enough containers. FAILED at 2023-07-03 10:33:09.252678
[r2-20230703-105342] [50] OK
[r2] [75100] Not enough containers. FAILED at 2023-07-03 11:25:32.286695
[r3] [50] Not enough containers. FAILED at 2023-07-03 11:50:36.405962
[r3] [75100] Not enough containers. FAILED at 2023-07-03 12:15:55.381749
[r4-20230703-123622] [50] OK
[r4] [75100] Not enough containers. FAILED at 2023-07-03 13:07:37.497378
[r5-20230703-132742] [50] OK
[r5] [75100] Not enough containers. FAILED at 2023-07-03 13:59:56.485722
[r6-20230703-142026] [50] OK
[r6] [75100] Not enough containers. FAILED at 2023-07-03 14:52:04.510570
[r7-20230703-151348] [50] OK
[r7] [75100] Not enough containers. FAILED at 2023-07-03 15:45:14.718512
[r8-20230703-160515] [50] OK
[r8] [75100] Not enough containers. FAILED at 2023-07-03 16:37:12.002244
[r9-20230703-165849] [50] OK
[r9] [75100] Not enough containers. FAILED at 2023-07-03 17:30:00.815283
[r10-20230703-175039] [50] OK
[r10] [75100] Not enough containers. FAILED at 2023-07-03 18:22:50.409960
[def-tts-GL2] Experiment completed at 2023-07-03 18:37:44.729547
[def-tts-GL2] New experiment started from scratch at 2023-07-04 00:18:33.258017
[r1-20230704-002351] [50] OK
[r1-20230704-005216] [75] OK
[r1-20230704-012131] [100] OK
[r2-20230704-015431] [50] OK
[r2-20230704-022305] [75] OK
[r2-20230704-025227] [100] OK
[r3-20230704-032433] [50] OK
[r3-20230704-035234] [75] OK
[r3-20230704-042318] [100] OK
[r4-20230704-045735] [50] OK
[r4] [75] RITTAL FAILED at 2023-07-04 05:26:45.214942
[r4-20230704-053846] [100] OK
[r5-20230704-061255] [50] OK
[r5-20230704-064204] [75] OK
[r5-20230704-071334] [100] OK
[r6-20230704-074655] [50] OK
[r6-20230704-081650] [75] OK
[r6-20230704-084828] [100] OK
[r7-20230704-092114] [50] OK
[r7-20230704-094934] [75] OK
[r7-20230704-102014] [100] OK
[r8-20230704-105318] [50] OK
[r8-20230704-112330] [75] OK
[r8-20230704-115503] [100] OK
[r9-20230704-122920] [50] OK
[r9-20230704-125842] [75] OK
[r9-20230704-132947] [100] OK
[r10-20230704-140342] [50] OK
[r10-20230704-143230] [75] OK
[r10-20230704-150345] [100] OK
[def-tts-GL2] Experiment completed at 2023-07-04 15:31:53.434938
[def-stress-ng-GL2] New experiment started from scratch at 2023-07-04 15:39:31.522237
[r1-20230704-153948] [0] OK
[def-stress-ng-GL2] New experiment started from scratch at 2023-07-05 00:10:53.959980
[r1-20230705-001111] [0] OK
[def-stress-ng-GL2] New experiment started from scratch at 2023-07-05 11:54:25.010607
[r1-20230705-115442] [0] OK
[r1] [0] FAILED during K6-test at 2023-07-05 11:54:52.836694
[def-stress-ng-GL2] New experiment started from scratch at 2023-07-05 11:56:30.572354
[r1-20230705-115647] [0] OK
[r1] [50] RITTAL FAILED at 2023-07-05 12:05:36.347736
[r1-20230705-120604] [75] OK
[def-stress-ng-GL2] New experiment started from scratch at 2023-07-05 12:09:03.180588
[def-stress-ng-GL2] New experiment started from scratch at 2023-07-05 12:09:37.568018
[r1-20230705-120953] [0] OK
[r1] [50] RITTAL FAILED at 2023-07-05 12:22:02.466240
[r1-20230705-122230] [75] OK
[r1] [100] RITTAL FAILED at 2023-07-05 12:34:39.472637
[def-stress-ng-GL2] Experiment completed at 2023-07-05 12:35:53.550256
[def-stress-ng-GL2] New experiment started from scratch at 2023-07-05 12:38:18.964755
[r1-20230705-123835] [0] OK
[def-stress-ng-GL2] New experiment started from scratch at 2023-07-05 13:18:56.450479
[r1-20230705-131913] [0] OK
[r1] [50] RITTAL FAILED at 2023-07-05 13:33:07.005388
[r1-20230705-133336] [75] OK
[def-stress-ng-GL2] New experiment started from scratch at 2023-07-05 13:37:42.304479
[r1-20230705-133758] [0] OK
[r1] [50] RITTAL FAILED at 2023-07-05 13:52:42.786496
[r1-20230705-135310] [75] OK
[r1] [100] RITTAL FAILED at 2023-07-05 14:07:54.837215
[def-stress-ng-GL2] Experiment completed at 2023-07-05 14:09:09.197590
[def-stress-ng-GL2] New experiment started from scratch at 2023-07-05 15:24:48.734295
[r1] [0] RITTAL FAILED at 2023-07-05 15:25:05.369837
[r1-20230705-152533] [50] OK
[r1-20230705-154047] [75] OK
[r1] [100] RITTAL FAILED at 2023-07-05 15:56:01.393495
[def-stress-ng-GL2] Experiment completed at 2023-07-05 15:57:15.399524
[def-stress-ng-GL2] New experiment started from scratch at 2023-07-05 17:12:10.279147
[r1-20230705-171226] [0] OK
[r1] [50] RITTAL FAILED at 2023-07-05 17:27:50.853289
[r1-20230705-172819] [75] OK
[r1] [100] RITTAL FAILED at 2023-07-05 17:43:43.872641
[def-stress-ng-GL2] Experiment completed at 2023-07-05 17:44:57.964097
[def-stress-ng-GL2] New experiment started from scratch at 2023-07-05 18:12:43.291981
[r1-20230705-181259] [0] OK
[def-stress-ng-GL2] New experiment started from scratch at 2023-07-05 21:09:42.336372
[r1] [0] RITTAL FAILED at 2023-07-05 21:09:59.335318
[def-stress-ng-GL2] New experiment started from scratch at 2023-07-05 21:11:03.446500
[r1-20230705-211120] [0] OK
[r1] [50] RITTAL FAILED at 2023-07-05 21:26:47.572541
[r1-20230705-212728] [75] OK
[r1] [100] RITTAL FAILED at 2023-07-05 21:43:09.554039
[def-stress-ng-GL2] Experiment completed at 2023-07-05 21:44:28.109730
[def-stress-ng-GL2] New experiment started from scratch at 2023-07-05 22:03:47.037245
[r1-20230705-220403] [0] OK
[r1] [50] RITTAL FAILED at 2023-07-05 22:19:31.023850
[r1-20230705-221959] [75] OK
[r1] [100] RITTAL FAILED at 2023-07-05 22:35:26.247888
[def-stress-ng-GL2] Experiment completed at 2023-07-05 22:36:40.467089
[def-stress-ng-GL2] New experiment started from scratch at 2023-07-05 23:55:26.315115
[r1] [0] RITTAL FAILED at 2023-07-05 23:55:43.001790
[def-stress-ng-GL2] New experiment started from scratch at 2023-07-06 00:36:12.925159
[r1-20230706-003629] [0] OK
[r1-20230706-005156] [50] OK
[r1-20230706-010723] [75] OK
[r1-20230706-012250] [100] OK
[r2-20230706-013817] [0] OK
[r2-20230706-015344] [50] OK
[r2-20230706-020911] [75] OK
[r2-20230706-022438] [100] OK
[r3-20230706-024004] [0] OK
[r3-20230706-025531] [50] OK
[r3-20230706-031058] [75] OK
[r3-20230706-032625] [100] OK
[r4-20230706-034152] [0] OK
[r4-20230706-035718] [50] OK
[r4-20230706-041245] [75] OK
[r4-20230706-042812] [100] OK
[r5-20230706-044339] [0] OK
[r5-20230706-045905] [50] OK
[r5-20230706-051432] [75] OK
[r5-20230706-052959] [100] OK
[r6-20230706-054526] [0] OK
[r6-20230706-060052] [50] OK
[r6-20230706-061619] [75] OK
[r6-20230706-063146] [100] OK
[r7-20230706-064713] [0] OK
[r7-20230706-070239] [50] OK
[r7-20230706-071806] [75] OK
[r7-20230706-073333] [100] OK
[r8-20230706-074900] [0] OK
[r8-20230706-080427] [50] OK
[r8-20230706-081953] [75] OK
[r8-20230706-083520] [100] OK
[r9-20230706-085047] [0] OK
[r9-20230706-090614] [50] OK
[r9-20230706-092141] [75] OK
[r9-20230706-093708] [100] OK
[r10-20230706-095235] [0] OK
[r10-20230706-100801] [50] OK
[r10-20230706-102328] [75] OK
[r10-20230706-103855] [100] OK
[def-stress-ng-GL2] Experiment completed at 2023-07-06 10:55:11.230509
